Using pre-set license
Built from '2020.3/support/zd130524' branch; Version is '2020.3.36f1 (71f96b79b9f0) revision 7469419'; Using compiler version '192528614'; Build Type 'Release'
OS: 'Windows 11  (10.0.22621) 64bit Professional' Language: 'ru' Physical Memory: 16310 MB
BatchMode: 1, IsHumanControllingUs: 0, StartBugReporterOnCrash: 0, Is64bit: 1, IsPro: 0

COMMAND LINE ARGUMENTS:
C:\Program Files\Unity\Hub\Editor\2020.3.36f1\Editor\Unity.exe
-adb2
-batchMode
-noUpm
-name
AssetImportWorker0
-projectPath
C:/Users/vaisn/Documents/Development/GeekBrains/Strategy-main/Startegy_Game
-logFile
Logs/AssetImportWorker0.log
-srvPort
50062
Successfully changed project path to: C:/Users/vaisn/Documents/Development/GeekBrains/Strategy-main/Startegy_Game
C:/Users/vaisn/Documents/Development/GeekBrains/Strategy-main/Startegy_Game
Using Asset Import Pipeline V2.
Refreshing native plugins compatible for Editor in 39.15 ms, found 2 plugins.
Preloading 0 native plugins for Editor in 0.00 ms.
Initialize engine version: 2020.3.36f1 (71f96b79b9f0)
[Subsystems] Discovering subsystems at path C:/Program Files/Unity/Hub/Editor/2020.3.36f1/Editor/Data/Resources/UnitySubsystems
[Subsystems] Discovering subsystems at path C:/Users/vaisn/Documents/Development/GeekBrains/Strategy-main/Startegy_Game/Assets
GfxDevice: creating device client; threaded=0
Direct3D:
    Version:  Direct3D 11.0 [level 11.1]
    Renderer: NVIDIA GeForce RTX 3070 Ti (ID=0x2482)
    Vendor:   
    VRAM:     8031 MB
    Driver:   31.0.15.3179
Initialize mono
Mono path[0] = 'C:/Program Files/Unity/Hub/Editor/2020.3.36f1/Editor/Data/Managed'
Mono path[1] = 'C:/Program Files/Unity/Hub/Editor/2020.3.36f1/Editor/Data/MonoBleedingEdge/lib/mono/unityjit'
Mono config path = 'C:/Program Files/Unity/Hub/Editor/2020.3.36f1/Editor/Data/MonoBleedingEdge/etc'
Using monoOptions --debugger-agent=transport=dt_socket,embedding=1,server=y,suspend=n,address=127.0.0.1:56016
Begin MonoManager ReloadAssembly
Registering precompiled unity dll's ...
Register platform support module: C:/Program Files/Unity/Hub/Editor/2020.3.36f1/Editor/Data/PlaybackEngines/WindowsStandaloneSupport/UnityEditor.WindowsStandalone.Extensions.dll
Registered in 0.000978 seconds.
Native extension for WindowsStandalone target not found
Refreshing native plugins compatible for Editor in 100.86 ms, found 2 plugins.
Preloading 0 native plugins for Editor in 0.00 ms.
Mono: successfully reloaded assembly
- Completed reload, in  0.698 seconds
Domain Reload Profiling:
	ReloadAssembly (699ms)
		BeginReloadAssembly (41ms)
			ExecutionOrderSort (0ms)
			DisableScriptedObjects (0ms)
			BackupInstance (0ms)
			ReleaseScriptingObjects (0ms)
			CreateAndSetChildDomain (1ms)
		EndReloadAssembly (523ms)
			LoadAssemblies (40ms)
			RebuildTransferFunctionScriptingTraits (0ms)
			SetupTypeCache (192ms)
			ReleaseScriptCaches (0ms)
			RebuildScriptCaches (23ms)
			SetupLoadedEditorAssemblies (236ms)
				LogAssemblyErrors (0ms)
				InitializePlatformSupportModulesInManaged (3ms)
				SetLoadedEditorAssemblies (0ms)
				RefreshPlugins (101ms)
				BeforeProcessingInitializeOnLoad (24ms)
				ProcessInitializeOnLoadAttributes (79ms)
				ProcessInitializeOnLoadMethodAttributes (28ms)
				AfterProcessingInitializeOnLoad (0ms)
				EditorAssembliesLoaded (0ms)
			ExecutionOrderSort2 (0ms)
			AwakeInstancesAfterBackupRestoration (0ms)
Platform modules already initialized, skipping
Registering precompiled user dll's ...
Registered in 0.003472 seconds.
Begin MonoManager ReloadAssembly
Native extension for WindowsStandalone target not found
Refreshing native plugins compatible for Editor in 0.46 ms, found 2 plugins.
Preloading 0 native plugins for Editor in 0.00 ms.
Mono: successfully reloaded assembly
- Completed reload, in  0.767 seconds
Domain Reload Profiling:
	ReloadAssembly (771ms)
		BeginReloadAssembly (93ms)
			ExecutionOrderSort (0ms)
			DisableScriptedObjects (4ms)
			BackupInstance (0ms)
			ReleaseScriptingObjects (0ms)
			CreateAndSetChildDomain (13ms)
		EndReloadAssembly (639ms)
			LoadAssemblies (63ms)
			RebuildTransferFunctionScriptingTraits (0ms)
			SetupTypeCache (200ms)
			ReleaseScriptCaches (0ms)
			RebuildScriptCaches (37ms)
			SetupLoadedEditorAssemblies (286ms)
				LogAssemblyErrors (0ms)
				InitializePlatformSupportModulesInManaged (4ms)
				SetLoadedEditorAssemblies (0ms)
				RefreshPlugins (0ms)
				BeforeProcessingInitializeOnLoad (65ms)
				ProcessInitializeOnLoadAttributes (203ms)
				ProcessInitializeOnLoadMethodAttributes (10ms)
				AfterProcessingInitializeOnLoad (4ms)
				EditorAssembliesLoaded (0ms)
			ExecutionOrderSort2 (0ms)
			AwakeInstancesAfterBackupRestoration (1ms)
Platform modules already initialized, skipping
========================================================================
Worker process is ready to serve import requests
Launched and connected shader compiler UnityShaderCompiler.exe after 0.05 seconds
Refreshing native plugins compatible for Editor in 0.46 ms, found 2 plugins.
Preloading 0 native plugins for Editor in 0.00 ms.
Unloading 2436 Unused Serialized files (Serialized files now loaded: 0)
System memory in use before: 104.1 MB.
System memory in use after: 104.3 MB.

Unloading 21 unused Assets to reduce memory usage. Loaded Objects now: 2868.
Total: 2.096400 ms (FindLiveObjects: 0.141600 ms CreateObjectMapping: 0.057600 ms MarkObjects: 1.846400 ms  DeleteObjects: 0.050000 ms)

AssetImportParameters requested are different than current active one (requested -> active):
  custom:framework-win-MediaFoundation: 216162199b28c13a410421893ffa2e32 -> 
  custom:video-decoder-ogg-theora: a1e56fd34408186e4bbccfd4996cb3dc -> 
  custom:container-muxer-webm: aa71ff27fc2769a1b78a27578f13a17b -> 
  custom:container-demuxer-webm: 4f35f7cbe854078d1ac9338744f61a02 -> 
  custom:container-demuxer-ogg: 62fdf1f143b41e24485cea50d1cbac27 -> 
  custom:video-encoder-webm-vp8: eb34c28f22e8b96e1ab97ce403110664 -> 
  custom:video-decoder-webm-vp8: 9c59270c3fd7afecdb556c50c9e8de78 -> 
  custom:audio-decoder-ogg-vorbis: bf7c407c2cedff20999df2af8eb42d56 -> 
  custom:audio-encoder-webm-vorbis: bf7c407c2cedff20999df2af8eb42d56 -> 
========================================================================
Received Import Request.
  path: Assets/Scenes
  artifactKey: Guid(92d96c142072a944292e611bcace1b8a) Importer(815301076,1909f56bfc062723c751e8b465ee728b)
Start importing Assets/Scenes using Guid(92d96c142072a944292e611bcace1b8a) Importer(815301076,1909f56bfc062723c751e8b465ee728b)  -> (artifact id: '7966e3ef9a0826f830c77dee95e58f68') in 0.007042 seconds 
========================================================================
Received Import Request.
  Time since last request: 0.000108 seconds.
  path: Assets/Scenes/MainBogdan Backup.unity
  artifactKey: Guid(94ea17cfc75460b4186df541ab09b823) Importer(815301076,1909f56bfc062723c751e8b465ee728b)
Start importing Assets/Scenes/MainBogdan Backup.unity using Guid(94ea17cfc75460b4186df541ab09b823) Importer(815301076,1909f56bfc062723c751e8b465ee728b)  -> (artifact id: '7549551e8a17f07933c70fd24687d3ce') in 0.004358 seconds 
========================================================================
Received Import Request.
  Time since last request: 0.000102 seconds.
  path: Assets/Scenes/MainBogdan.unity
  artifactKey: Guid(cfb45cc0eeefac74cb103904833ace4d) Importer(815301076,1909f56bfc062723c751e8b465ee728b)
Start importing Assets/Scenes/MainBogdan.unity using Guid(cfb45cc0eeefac74cb103904833ace4d) Importer(815301076,1909f56bfc062723c751e8b465ee728b)  -> (artifact id: '7d783af9d25df6787e2ed6e5982c48bd') in 0.004132 seconds 
========================================================================
Received Import Request.
  Time since last request: 0.000096 seconds.
  path: Assets/Scenes/Main.unity
  artifactKey: Guid(9fc0d4010bbf28b4594072e72b8655ab) Importer(815301076,1909f56bfc062723c751e8b465ee728b)
Start importing Assets/Scenes/Main.unity using Guid(9fc0d4010bbf28b4594072e72b8655ab) Importer(815301076,1909f56bfc062723c751e8b465ee728b)  -> (artifact id: 'c5510f06b4dc5c0aa29b247a13746efd') in 0.004008 seconds 
========================================================================
Received Import Request.
  Time since last request: 4.184031 seconds.
  path: Assets/Scenes/MainTeacher.unity
  artifactKey: Guid(7867a1cac26898248b3426ac89e45ac5) Importer(815301076,1909f56bfc062723c751e8b465ee728b)
Start importing Assets/Scenes/MainTeacher.unity using Guid(7867a1cac26898248b3426ac89e45ac5) Importer(815301076,1909f56bfc062723c751e8b465ee728b)  -> (artifact id: 'f54071a950b13c33d71014b1b6c7da50') in 0.004987 seconds 
========================================================================
Received Prepare
Registering precompiled user dll's ...
Registered in 0.003453 seconds.
Begin MonoManager ReloadAssembly
Native extension for WindowsStandalone target not found
Refreshing native plugins compatible for Editor in 0.47 ms, found 2 plugins.
Preloading 0 native plugins for Editor in 0.00 ms.
Mono: successfully reloaded assembly
- Completed reload, in  0.735 seconds
Domain Reload Profiling:
	ReloadAssembly (735ms)
		BeginReloadAssembly (91ms)
			ExecutionOrderSort (0ms)
			DisableScriptedObjects (4ms)
			BackupInstance (0ms)
			ReleaseScriptingObjects (0ms)
			CreateAndSetChildDomain (29ms)
		EndReloadAssembly (599ms)
			LoadAssemblies (68ms)
			RebuildTransferFunctionScriptingTraits (0ms)
			SetupTypeCache (217ms)
			ReleaseScriptCaches (1ms)
			RebuildScriptCaches (31ms)
			SetupLoadedEditorAssemblies (227ms)
				LogAssemblyErrors (0ms)
				InitializePlatformSupportModulesInManaged (3ms)
				SetLoadedEditorAssemblies (0ms)
				RefreshPlugins (1ms)
				BeforeProcessingInitializeOnLoad (66ms)
				ProcessInitializeOnLoadAttributes (141ms)
				ProcessInitializeOnLoadMethodAttributes (11ms)
				AfterProcessingInitializeOnLoad (4ms)
				EditorAssembliesLoaded (0ms)
			ExecutionOrderSort2 (0ms)
			AwakeInstancesAfterBackupRestoration (1ms)
Platform modules already initialized, skipping
Refreshing native plugins compatible for Editor in 0.50 ms, found 2 plugins.
Preloading 0 native plugins for Editor in 0.00 ms.
Unloading 2401 Unused Serialized files (Serialized files now loaded: 0)
System memory in use before: 101.1 MB.
System memory in use after: 101.3 MB.

Unloading 16 unused Assets to reduce memory usage. Loaded Objects now: 2871.
Total: 2.083400 ms (FindLiveObjects: 0.144900 ms CreateObjectMapping: 0.050700 ms MarkObjects: 1.871900 ms  DeleteObjects: 0.015300 ms)

AssetImportParameters requested are different than current active one (requested -> active):
  custom:framework-win-MediaFoundation: 216162199b28c13a410421893ffa2e32 -> 
  custom:video-decoder-ogg-theora: a1e56fd34408186e4bbccfd4996cb3dc -> 
  custom:container-muxer-webm: aa71ff27fc2769a1b78a27578f13a17b -> 
  custom:container-demuxer-webm: 4f35f7cbe854078d1ac9338744f61a02 -> 
  custom:container-demuxer-ogg: 62fdf1f143b41e24485cea50d1cbac27 -> 
  custom:video-encoder-webm-vp8: eb34c28f22e8b96e1ab97ce403110664 -> 
  custom:video-decoder-webm-vp8: 9c59270c3fd7afecdb556c50c9e8de78 -> 
  custom:audio-decoder-ogg-vorbis: bf7c407c2cedff20999df2af8eb42d56 -> 
  custom:audio-encoder-webm-vorbis: bf7c407c2cedff20999df2af8eb42d56 -> 
========================================================================
Received Import Request.
  Time since last request: 62.466199 seconds.
  path: Assets/Scenes/MainBase.unity
  artifactKey: Guid(cfb45cc0eeefac74cb103904833ace4d) Importer(815301076,1909f56bfc062723c751e8b465ee728b)
Start importing Assets/Scenes/MainBase.unity using Guid(cfb45cc0eeefac74cb103904833ace4d) Importer(815301076,1909f56bfc062723c751e8b465ee728b)  -> (artifact id: 'db5bac9c61ea7100038b13f7430896a1') in 0.007765 seconds 
========================================================================
Received Import Request.
  Time since last request: 9.041106 seconds.
  path: Assets/Scenes/MainBogdan
  artifactKey: Guid(392897943ab232b4abafdc7d09056a8b) Importer(815301076,1909f56bfc062723c751e8b465ee728b)
Start importing Assets/Scenes/MainBogdan using Guid(392897943ab232b4abafdc7d09056a8b) Importer(815301076,1909f56bfc062723c751e8b465ee728b)  -> (artifact id: '1af41e1ff511b05f9748403da5b76255') in 0.004821 seconds 
========================================================================
Received Import Request.
  Time since last request: 3.277570 seconds.
  path: Assets/Scenes/MainBase
  artifactKey: Guid(392897943ab232b4abafdc7d09056a8b) Importer(815301076,1909f56bfc062723c751e8b465ee728b)
Start importing Assets/Scenes/MainBase using Guid(392897943ab232b4abafdc7d09056a8b) Importer(815301076,1909f56bfc062723c751e8b465ee728b)  -> (artifact id: 'd5d30e8cdf2bc7d6a65054f1debbc24a') in 0.004882 seconds 
========================================================================
Received Import Request.
  Time since last request: 0.892460 seconds.
  path: Assets/Scenes/MainBase/NavMesh.asset
  artifactKey: Guid(7709ce29c483d814c842c7a9bfc6a43d) Importer(815301076,1909f56bfc062723c751e8b465ee728b)
Start importing Assets/Scenes/MainBase/NavMesh.asset using Guid(7709ce29c483d814c842c7a9bfc6a43d) Importer(815301076,1909f56bfc062723c751e8b465ee728b)  -> (artifact id: '84b8ce78e6c26b982a0f02420018c7b5') in 0.038847 seconds 
========================================================================
Received Import Request.
  Time since last request: 50.819117 seconds.
  path: Assets/Scenes/Main
  artifactKey: Guid(e9085fc716dd2b14f8402ca1494d28e8) Importer(815301076,1909f56bfc062723c751e8b465ee728b)
Start importing Assets/Scenes/Main using Guid(e9085fc716dd2b14f8402ca1494d28e8) Importer(815301076,1909f56bfc062723c751e8b465ee728b)  -> (artifact id: 'afdcd6e7e7aae5cb84ab5836184f7593') in 0.004823 seconds 
========================================================================
Received Import Request.
  Time since last request: 4.098730 seconds.
  path: Assets/AnimatorControllers/ChomperAnimatorController.controller
  artifactKey: Guid(2bc84b452a645d04a8d91fe675c3c2f1) Importer(815301076,1909f56bfc062723c751e8b465ee728b)
Start importing Assets/AnimatorControllers/ChomperAnimatorController.controller using Guid(2bc84b452a645d04a8d91fe675c3c2f1) Importer(815301076,1909f56bfc062723c751e8b465ee728b)  -> (artifact id: '210253ec727fa6633b16e57111ddb14b') in 0.013195 seconds 
========================================================================
Received Import Request.
  Time since last request: 8.240217 seconds.
  path: Assets/Prefabs/Chomper.prefab
  artifactKey: Guid(ad0a9f72c51b9a2468fa66dbedc61ad6) Importer(815301076,1909f56bfc062723c751e8b465ee728b)
Start importing Assets/Prefabs/Chomper.prefab using Guid(ad0a9f72c51b9a2468fa66dbedc61ad6) Importer(815301076,1909f56bfc062723c751e8b465ee728b)  -> (artifact id: 'a40b8cdac4227846177f006d62dc0ca6') in 0.164826 seconds 
========================================================================
Received Import Request.
  Time since last request: 0.000110 seconds.
  path: Assets/Prefabs/UI.prefab
  artifactKey: Guid(5dd235a43d36f9347a1a35df441f10d9) Importer(815301076,1909f56bfc062723c751e8b465ee728b)
Start importing Assets/Prefabs/UI.prefab using Guid(5dd235a43d36f9347a1a35df441f10d9) Importer(815301076,1909f56bfc062723c751e8b465ee728b)  -> (artifact id: '2ec939abaf6ebc2f2bb8fa308e079cd8') in 0.067494 seconds 
========================================================================
Received Import Request.
  Time since last request: 0.000115 seconds.
  path: Assets/Prefabs/MainBuilding.prefab
  artifactKey: Guid(bc553bdd614742942b0a1b0e4ccc7c8d) Importer(815301076,1909f56bfc062723c751e8b465ee728b)
Start importing Assets/Prefabs/MainBuilding.prefab using Guid(bc553bdd614742942b0a1b0e4ccc7c8d) Importer(815301076,1909f56bfc062723c751e8b465ee728b)  -> (artifact id: '4220c2669a3f5ad32df333ab4f359454') in 0.072360 seconds 
========================================================================
Received Import Request.
  Time since last request: 0.000119 seconds.
  path: Assets/Prefabs/UserInterface.prefab
  artifactKey: Guid(fc87c5eb6c9fddc4c8477b8370ebcfba) Importer(815301076,1909f56bfc062723c751e8b465ee728b)
Start importing Assets/Prefabs/UserInterface.prefab using Guid(fc87c5eb6c9fddc4c8477b8370ebcfba) Importer(815301076,1909f56bfc062723c751e8b465ee728b)  -> (artifact id: 'a866c3aa89fee6a39cafa874995021bf') in 0.021765 seconds 
========================================================================
Received Import Request.
  Time since last request: 5.990269 seconds.
  path: Assets/QuickOutline/Outline.asmdef
  artifactKey: Guid(7ae7f06c991caf34fb3bb17faa917f28) Importer(815301076,1909f56bfc062723c751e8b465ee728b)
Start importing Assets/QuickOutline/Outline.asmdef using Guid(7ae7f06c991caf34fb3bb17faa917f28) Importer(815301076,1909f56bfc062723c751e8b465ee728b)  -> (artifact id: 'e241db5ef477a25ff7c33c54867e6534') in 0.005892 seconds 
========================================================================
Received Import Request.
  Time since last request: 2.235951 seconds.
  path: Assets/Resources/ProjectContext.prefab
  artifactKey: Guid(43e8b36ee31cb984dbc8d572ab72d9c7) Importer(815301076,1909f56bfc062723c751e8b465ee728b)
Start importing Assets/Resources/ProjectContext.prefab using Guid(43e8b36ee31cb984dbc8d572ab72d9c7) Importer(815301076,1909f56bfc062723c751e8b465ee728b)  -> (artifact id: '4efb7aac3393bd7ad7a1d23c1e57a8e1') in 0.010714 seconds 
========================================================================
Received Import Request.
  Time since last request: 4.139837 seconds.
  path: Assets/Scenes/Main/NavMesh.asset
  artifactKey: Guid(6f7e851fd38dac04c81e5f414abec553) Importer(815301076,1909f56bfc062723c751e8b465ee728b)
Start importing Assets/Scenes/Main/NavMesh.asset using Guid(6f7e851fd38dac04c81e5f414abec553) Importer(815301076,1909f56bfc062723c751e8b465ee728b)  -> (artifact id: '8820d47f2931785e600197a4ec0baff4') in 0.002016 seconds 
========================================================================
Received Import Request.
  Time since last request: 3.917767 seconds.
  path: Assets/ScriptableObject/AssetsContext.asset
  artifactKey: Guid(9b722f212be4657489da1141c6eb6c44) Importer(815301076,1909f56bfc062723c751e8b465ee728b)
Start importing Assets/ScriptableObject/AssetsContext.asset using Guid(9b722f212be4657489da1141c6eb6c44) Importer(815301076,1909f56bfc062723c751e8b465ee728b)  -> (artifact id: '09b2da43f6cf1e771437f7f6d96e92ae') in 0.006853 seconds 
========================================================================
Received Import Request.
  Time since last request: 0.000105 seconds.
  path: Assets/ScriptableObject/Vector3Value.asset
  artifactKey: Guid(2b897e41a5c34e9419c18e2f8d7cd113) Importer(815301076,1909f56bfc062723c751e8b465ee728b)
Start importing Assets/ScriptableObject/Vector3Value.asset using Guid(2b897e41a5c34e9419c18e2f8d7cd113) Importer(815301076,1909f56bfc062723c751e8b465ee728b)  -> (artifact id: '8a3570cd8718d8d4692e4ba85a2a9a1f') in 0.004973 seconds 
========================================================================
Received Import Request.
  Time since last request: 0.000118 seconds.
  path: Assets/ScriptableObject/SelectableValue.asset
  artifactKey: Guid(7141aae4b16134e49af0215b6da77bcf) Importer(815301076,1909f56bfc062723c751e8b465ee728b)
Start importing Assets/ScriptableObject/SelectableValue.asset using Guid(7141aae4b16134e49af0215b6da77bcf) Importer(815301076,1909f56bfc062723c751e8b465ee728b)  -> (artifact id: '945abee0284be7be20cc5d7cf011df17') in 0.005313 seconds 
========================================================================
Received Import Request.
  Time since last request: 0.000102 seconds.
  path: Assets/ScriptableObject/AssetsInstaller.asset
  artifactKey: Guid(ed25cccb7d94c194fb3acd6d26049cc2) Importer(815301076,1909f56bfc062723c751e8b465ee728b)
Start importing Assets/ScriptableObject/AssetsInstaller.asset using Guid(ed25cccb7d94c194fb3acd6d26049cc2) Importer(815301076,1909f56bfc062723c751e8b465ee728b)  -> (artifact id: 'c664f14dc7da9f8433da30ca7b1ccdd4') in 0.007476 seconds 
========================================================================
Received Import Request.
  Time since last request: 0.000121 seconds.
  path: Assets/ScriptableObject/AttackableValue.asset
  artifactKey: Guid(0941b92e6598c6845b47fb9ac34c687a) Importer(815301076,1909f56bfc062723c751e8b465ee728b)
Start importing Assets/ScriptableObject/AttackableValue.asset using Guid(0941b92e6598c6845b47fb9ac34c687a) Importer(815301076,1909f56bfc062723c751e8b465ee728b)  -> (artifact id: '4a97135d3335f4c354fb5000fc3ae910') in 0.005012 seconds 
========================================================================
Received Import Request.
  Time since last request: 0.000113 seconds.
  path: Assets/ScriptableObject/UnitCommandsSettings.asset
  artifactKey: Guid(5f9ba43a88b04b24cbae317581e38654) Importer(815301076,1909f56bfc062723c751e8b465ee728b)
Start importing Assets/ScriptableObject/UnitCommandsSettings.asset using Guid(5f9ba43a88b04b24cbae317581e38654) Importer(815301076,1909f56bfc062723c751e8b465ee728b)  -> (artifact id: 'df8ef3725bdbe5b8e89ff228d755b566') in 0.011092 seconds 
========================================================================
Received Import Request.
  Time since last request: 3.719714 seconds.
  path: Assets/Scripts/Abstractions/Abstractions.asmdef
  artifactKey: Guid(2728968faebc67b4f9216c44328da7f6) Importer(815301076,1909f56bfc062723c751e8b465ee728b)
Start importing Assets/Scripts/Abstractions/Abstractions.asmdef using Guid(2728968faebc67b4f9216c44328da7f6) Importer(815301076,1909f56bfc062723c751e8b465ee728b)  -> (artifact id: '3d2385f46ff29e1deb527071968783ba') in 0.005011 seconds 
========================================================================
Received Import Request.
  Time since last request: 3.002328 seconds.
  path: Assets/Scripts/Core/Core.asmdef
  artifactKey: Guid(c99fbfd7ae2dc284b96f493883a9a4c5) Importer(815301076,1909f56bfc062723c751e8b465ee728b)
Start importing Assets/Scripts/Core/Core.asmdef using Guid(c99fbfd7ae2dc284b96f493883a9a4c5) Importer(815301076,1909f56bfc062723c751e8b465ee728b)  -> (artifact id: '9ac7af92f638728e5fb735cae6af6acc') in 0.004714 seconds 
========================================================================
Received Import Request.
  Time since last request: 1.238830 seconds.
  path: Assets/Scripts/ExternalTools/ExternalTools.asmdef
  artifactKey: Guid(da1d72778839ffd4c8b67a5636ef8439) Importer(815301076,1909f56bfc062723c751e8b465ee728b)
Start importing Assets/Scripts/ExternalTools/ExternalTools.asmdef using Guid(da1d72778839ffd4c8b67a5636ef8439) Importer(815301076,1909f56bfc062723c751e8b465ee728b)  -> (artifact id: '322d6895451fa3f8cc4ab423575e6e55') in 0.004779 seconds 
========================================================================
Received Import Request.
  Time since last request: 2.603161 seconds.
  path: Assets/Scripts/UserControlSystem/UserControlSystem.asmdef
  artifactKey: Guid(dbfbfad5a37e3174393f973955b760ee) Importer(815301076,1909f56bfc062723c751e8b465ee728b)
Start importing Assets/Scripts/UserControlSystem/UserControlSystem.asmdef using Guid(dbfbfad5a37e3174393f973955b760ee) Importer(815301076,1909f56bfc062723c751e8b465ee728b)  -> (artifact id: '2b636ac3b64796c61c62deae2de2d6d3') in 0.004958 seconds 
========================================================================
Received Import Request.
  Time since last request: 6.740080 seconds.
  path: Assets/Scripts/UserControlSystem/UI/Model/Model.asmdef
  artifactKey: Guid(9ce26035fa123f545bf380d41efe8769) Importer(815301076,1909f56bfc062723c751e8b465ee728b)
Start importing Assets/Scripts/UserControlSystem/UI/Model/Model.asmdef using Guid(9ce26035fa123f545bf380d41efe8769) Importer(815301076,1909f56bfc062723c751e8b465ee728b)  -> (artifact id: '58237b26097e11f7c266ee3a6e937298') in 0.005022 seconds 
========================================================================
Received Import Request.
  Time since last request: 2.747430 seconds.
  path: Assets/Scripts/UserControlSystem/UI/Presenter/Presenter.asmdef
  artifactKey: Guid(de05c123335cb594e84fb0a2c69837f7) Importer(815301076,1909f56bfc062723c751e8b465ee728b)
Start importing Assets/Scripts/UserControlSystem/UI/Presenter/Presenter.asmdef using Guid(de05c123335cb594e84fb0a2c69837f7) Importer(815301076,1909f56bfc062723c751e8b465ee728b)  -> (artifact id: '8a96bb6927b97ab325de2b915acded94') in 0.004655 seconds 
========================================================================
Received Import Request.
  Time since last request: 0.613245 seconds.
  path: Assets/Scripts/UserControlSystem/UI/View/View.asmdef
  artifactKey: Guid(4d887ff6863162e42a4c998e6fbed867) Importer(815301076,1909f56bfc062723c751e8b465ee728b)
Start importing Assets/Scripts/UserControlSystem/UI/View/View.asmdef using Guid(4d887ff6863162e42a4c998e6fbed867) Importer(815301076,1909f56bfc062723c751e8b465ee728b)  -> (artifact id: '5e2dac7c880b2a6eb17c357da5f05447') in 0.004749 seconds 
========================================================================
Received Import Request.
  Time since last request: 1.229705 seconds.
  path: Assets/Scripts/UserControlSystem/View/UIView.asmdef
  artifactKey: Guid(a448695e0b4bde346a55a06c40198eb2) Importer(815301076,1909f56bfc062723c751e8b465ee728b)
Start importing Assets/Scripts/UserControlSystem/View/UIView.asmdef using Guid(a448695e0b4bde346a55a06c40198eb2) Importer(815301076,1909f56bfc062723c751e8b465ee728b)  -> (artifact id: '854cd66811c15f983a9027e131e5b771') in 0.004843 seconds 
========================================================================
Received Import Request.
  Time since last request: 0.591365 seconds.
  path: Assets/Scripts/Utils/Utils.asmdef
  artifactKey: Guid(29f1c49583a08bc44a23b42d7c43c18e) Importer(815301076,1909f56bfc062723c751e8b465ee728b)
Start importing Assets/Scripts/Utils/Utils.asmdef using Guid(29f1c49583a08bc44a23b42d7c43c18e) Importer(815301076,1909f56bfc062723c751e8b465ee728b)  -> (artifact id: '6f2c2c4e88883b573106cb1196c66927') in 0.004723 seconds 
========================================================================
Received Import Request.
  Time since last request: 1.612008 seconds.
  path: Assets/Sprites/Enemy.png
  artifactKey: Guid(de9fcd34e3e30ed418df032dd44aa5c5) Importer(815301076,1909f56bfc062723c751e8b465ee728b)
Start importing Assets/Sprites/Enemy.png using Guid(de9fcd34e3e30ed418df032dd44aa5c5) Importer(815301076,1909f56bfc062723c751e8b465ee728b)  -> (artifact id: '84f1175495dfed94ce4f6d9f503e3d3c') in 0.030932 seconds 
========================================================================
Received Import Request.
  Time since last request: 0.000124 seconds.
  path: Assets/Sprites/Unit.png
  artifactKey: Guid(9908913e928c42d4f9f1891893bbc424) Importer(815301076,1909f56bfc062723c751e8b465ee728b)
Start importing Assets/Sprites/Unit.png using Guid(9908913e928c42d4f9f1891893bbc424) Importer(815301076,1909f56bfc062723c751e8b465ee728b)  -> (artifact id: '1d843e1e61c3666fea812c03338f8f8e') in 0.016700 seconds 
========================================================================
Received Import Request.
  Time since last request: 0.000110 seconds.
  path: Assets/Sprites/MainBuilding.png
  artifactKey: Guid(712262adeebd1924cad36360993fca8a) Importer(815301076,1909f56bfc062723c751e8b465ee728b)
Start importing Assets/Sprites/MainBuilding.png using Guid(712262adeebd1924cad36360993fca8a) Importer(815301076,1909f56bfc062723c751e8b465ee728b)  -> (artifact id: '6fd1999984e5211e54632d414d05c8e9') in 0.022483 seconds 
========================================================================
Received Import Request.
  Time since last request: 1.927093 seconds.
  path: Assets/Sprites/Icons/MainBuilding.png
  artifactKey: Guid(1458ff5613ae4704f9b9b05b114203bc) Importer(815301076,1909f56bfc062723c751e8b465ee728b)
Start importing Assets/Sprites/Icons/MainBuilding.png using Guid(1458ff5613ae4704f9b9b05b114203bc) Importer(815301076,1909f56bfc062723c751e8b465ee728b)  -> (artifact id: '4c0e7fec1a9c749b4b33d8e0bdba5006') in 0.019892 seconds 
========================================================================
Received Import Request.
  Time since last request: 9.195759 seconds.
  path: Assets/Test/Zenject
  artifactKey: Guid(a018f009c27b2f74391efe3e0694d4b6) Importer(815301076,1909f56bfc062723c751e8b465ee728b)
Start importing Assets/Test/Zenject using Guid(a018f009c27b2f74391efe3e0694d4b6) Importer(815301076,1909f56bfc062723c751e8b465ee728b)  -> (artifact id: '613bfb209eaa718974fb8cac976cd40e') in 0.004859 seconds 
========================================================================
Received Import Request.
  Time since last request: 2.979250 seconds.
  path: Assets/Test/AsyncAwait
  artifactKey: Guid(55ca5ef9514e2a041a6e51fe65b95e19) Importer(815301076,1909f56bfc062723c751e8b465ee728b)
Start importing Assets/Test/AsyncAwait using Guid(55ca5ef9514e2a041a6e51fe65b95e19) Importer(815301076,1909f56bfc062723c751e8b465ee728b)  -> (artifact id: 'e9084c3677a1d82c6e81093f1bd1defc') in 0.004963 seconds 
========================================================================
Received Import Request.
  Time since last request: 1.369514 seconds.
  path: Assets/Test/AsyncAwait/AsyncCancel.cs
  artifactKey: Guid(39d548ad14f772b42a82bb533805b645) Importer(815301076,1909f56bfc062723c751e8b465ee728b)
Start importing Assets/Test/AsyncAwait/AsyncCancel.cs using Guid(39d548ad14f772b42a82bb533805b645) Importer(815301076,1909f56bfc062723c751e8b465ee728b)  -> (artifact id: '11ac7eb1b664e4959bbf5f100a643899') in 0.006468 seconds 
========================================================================
Received Import Request.
  Time since last request: 0.692626 seconds.
  path: Assets/Test/AsyncAwait/AsyncCustom.cs
  artifactKey: Guid(7b79a9251c74d504ea04f65e3c5ae12a) Importer(815301076,1909f56bfc062723c751e8b465ee728b)
Start importing Assets/Test/AsyncAwait/AsyncCustom.cs using Guid(7b79a9251c74d504ea04f65e3c5ae12a) Importer(815301076,1909f56bfc062723c751e8b465ee728b)  -> (artifact id: 'db96be1a007f49b5048027b64a8a32eb') in 0.004770 seconds 
========================================================================
Received Prepare
Registering precompiled user dll's ...
Registered in 0.003330 seconds.
Begin MonoManager ReloadAssembly
Native extension for WindowsStandalone target not found
Refreshing native plugins compatible for Editor in 0.99 ms, found 2 plugins.
Preloading 0 native plugins for Editor in 0.00 ms.
Mono: successfully reloaded assembly
- Completed reload, in  0.878 seconds
Domain Reload Profiling:
	ReloadAssembly (878ms)
		BeginReloadAssembly (89ms)
			ExecutionOrderSort (0ms)
			DisableScriptedObjects (3ms)
			BackupInstance (0ms)
			ReleaseScriptingObjects (0ms)
			CreateAndSetChildDomain (31ms)
		EndReloadAssembly (741ms)
			LoadAssemblies (83ms)
			RebuildTransferFunctionScriptingTraits (0ms)
			SetupTypeCache (267ms)
			ReleaseScriptCaches (1ms)
			RebuildScriptCaches (40ms)
			SetupLoadedEditorAssemblies (275ms)
				LogAssemblyErrors (0ms)
				InitializePlatformSupportModulesInManaged (3ms)
				SetLoadedEditorAssemblies (1ms)
				RefreshPlugins (1ms)
				BeforeProcessingInitializeOnLoad (95ms)
				ProcessInitializeOnLoadAttributes (156ms)
				ProcessInitializeOnLoadMethodAttributes (13ms)
				AfterProcessingInitializeOnLoad (5ms)
				EditorAssembliesLoaded (0ms)
			ExecutionOrderSort2 (0ms)
			AwakeInstancesAfterBackupRestoration (2ms)
Platform modules already initialized, skipping
Refreshing native plugins compatible for Editor in 0.49 ms, found 2 plugins.
Preloading 0 native plugins for Editor in 0.00 ms.
Unloading 2401 Unused Serialized files (Serialized files now loaded: 0)
System memory in use before: 117.7 MB.
System memory in use after: 117.9 MB.

Unloading 19 unused Assets to reduce memory usage. Loaded Objects now: 2891.
Total: 2.569100 ms (FindLiveObjects: 0.216000 ms CreateObjectMapping: 0.101700 ms MarkObjects: 2.218900 ms  DeleteObjects: 0.031500 ms)

AssetImportParameters requested are different than current active one (requested -> active):
  custom:framework-win-MediaFoundation: 216162199b28c13a410421893ffa2e32 -> 
  custom:video-decoder-ogg-theora: a1e56fd34408186e4bbccfd4996cb3dc -> 
  custom:container-muxer-webm: aa71ff27fc2769a1b78a27578f13a17b -> 
  custom:container-demuxer-webm: 4f35f7cbe854078d1ac9338744f61a02 -> 
  custom:container-demuxer-ogg: 62fdf1f143b41e24485cea50d1cbac27 -> 
  custom:video-encoder-webm-vp8: eb34c28f22e8b96e1ab97ce403110664 -> 
  custom:video-decoder-webm-vp8: 9c59270c3fd7afecdb556c50c9e8de78 -> 
  custom:audio-decoder-ogg-vorbis: bf7c407c2cedff20999df2af8eb42d56 -> 
  custom:audio-encoder-webm-vorbis: bf7c407c2cedff20999df2af8eb42d56 -> 
========================================================================
Received Import Request.
  Time since last request: 23.134768 seconds.
  path: Assets/Test/AsyncAwait/AsyncMethods.cs
  artifactKey: Guid(011feb922eab8814e90a293ce46003a6) Importer(815301076,1909f56bfc062723c751e8b465ee728b)
Start importing Assets/Test/AsyncAwait/AsyncMethods.cs using Guid(011feb922eab8814e90a293ce46003a6) Importer(815301076,1909f56bfc062723c751e8b465ee728b)  -> (artifact id: 'ba30d3281c375fff2ef9bb911f3a5aa3') in 0.008822 seconds 
========================================================================
Received Import Request.
  Time since last request: 4.848072 seconds.
  path: Assets/Test/Zenject/TestInstallers.cs
  artifactKey: Guid(9bad047cb16e72b42904872b58b7f18e) Importer(815301076,1909f56bfc062723c751e8b465ee728b)
Start importing Assets/Test/Zenject/TestInstallers.cs using Guid(9bad047cb16e72b42904872b58b7f18e) Importer(815301076,1909f56bfc062723c751e8b465ee728b)  -> (artifact id: 'ca379beeb0a414969f1790ea0c40e9a8') in 0.004737 seconds 
========================================================================
Received Import Request.
  Time since last request: 0.442510 seconds.
  path: Assets/Test/Zenject/ZenjectTest.unity
  artifactKey: Guid(603b80cb3f6177640a10419421cc37b1) Importer(815301076,1909f56bfc062723c751e8b465ee728b)
Start importing Assets/Test/Zenject/ZenjectTest.unity using Guid(603b80cb3f6177640a10419421cc37b1) Importer(815301076,1909f56bfc062723c751e8b465ee728b)  -> (artifact id: 'd8eac0486921e0e36fcdd0174b76e950') in 0.005010 seconds 
========================================================================
Received Prepare
Registering precompiled user dll's ...
Registered in 0.003305 seconds.
Begin MonoManager ReloadAssembly
Native extension for WindowsStandalone target not found
Refreshing native plugins compatible for Editor in 0.46 ms, found 2 plugins.
Preloading 0 native plugins for Editor in 0.00 ms.
Mono: successfully reloaded assembly
- Completed reload, in  0.682 seconds
Domain Reload Profiling:
	ReloadAssembly (682ms)
		BeginReloadAssembly (91ms)
			ExecutionOrderSort (0ms)
			DisableScriptedObjects (3ms)
			BackupInstance (0ms)
			ReleaseScriptingObjects (0ms)
			CreateAndSetChildDomain (30ms)
		EndReloadAssembly (551ms)
			LoadAssemblies (65ms)
			RebuildTransferFunctionScriptingTraits (0ms)
			SetupTypeCache (202ms)
			ReleaseScriptCaches (1ms)
			RebuildScriptCaches (28ms)
			SetupLoadedEditorAssemblies (205ms)
				LogAssemblyErrors (0ms)
				InitializePlatformSupportModulesInManaged (3ms)
				SetLoadedEditorAssemblies (0ms)
				RefreshPlugins (1ms)
				BeforeProcessingInitializeOnLoad (60ms)
				ProcessInitializeOnLoadAttributes (128ms)
				ProcessInitializeOnLoadMethodAttributes (10ms)
				AfterProcessingInitializeOnLoad (4ms)
				EditorAssembliesLoaded (0ms)
			ExecutionOrderSort2 (0ms)
			AwakeInstancesAfterBackupRestoration (1ms)
Platform modules already initialized, skipping
Refreshing native plugins compatible for Editor in 0.46 ms, found 2 plugins.
Preloading 0 native plugins for Editor in 0.00 ms.
Unloading 2401 Unused Serialized files (Serialized files now loaded: 0)
System memory in use before: 117.7 MB.
System memory in use after: 117.9 MB.

Unloading 16 unused Assets to reduce memory usage. Loaded Objects now: 2894.
Total: 2.143200 ms (FindLiveObjects: 0.160300 ms CreateObjectMapping: 0.062500 ms MarkObjects: 1.903500 ms  DeleteObjects: 0.016300 ms)

AssetImportParameters requested are different than current active one (requested -> active):
  custom:framework-win-MediaFoundation: 216162199b28c13a410421893ffa2e32 -> 
  custom:video-decoder-ogg-theora: a1e56fd34408186e4bbccfd4996cb3dc -> 
  custom:container-muxer-webm: aa71ff27fc2769a1b78a27578f13a17b -> 
  custom:container-demuxer-webm: 4f35f7cbe854078d1ac9338744f61a02 -> 
  custom:container-demuxer-ogg: 62fdf1f143b41e24485cea50d1cbac27 -> 
  custom:video-encoder-webm-vp8: eb34c28f22e8b96e1ab97ce403110664 -> 
  custom:video-decoder-webm-vp8: 9c59270c3fd7afecdb556c50c9e8de78 -> 
  custom:audio-decoder-ogg-vorbis: bf7c407c2cedff20999df2af8eb42d56 -> 
  custom:audio-encoder-webm-vorbis: bf7c407c2cedff20999df2af8eb42d56 -> 
========================================================================
Received Prepare
Registering precompiled user dll's ...
Registered in 0.003221 seconds.
Begin MonoManager ReloadAssembly
Native extension for WindowsStandalone target not found
Refreshing native plugins compatible for Editor in 0.55 ms, found 2 plugins.
Preloading 0 native plugins for Editor in 0.00 ms.
Mono: successfully reloaded assembly
- Completed reload, in  0.708 seconds
Domain Reload Profiling:
	ReloadAssembly (708ms)
		BeginReloadAssembly (91ms)
			ExecutionOrderSort (0ms)
			DisableScriptedObjects (3ms)
			BackupInstance (0ms)
			ReleaseScriptingObjects (0ms)
			CreateAndSetChildDomain (27ms)
		EndReloadAssembly (573ms)
			LoadAssemblies (74ms)
			RebuildTransferFunctionScriptingTraits (0ms)
			SetupTypeCache (213ms)
			ReleaseScriptCaches (1ms)
			RebuildScriptCaches (31ms)
			SetupLoadedEditorAssemblies (210ms)
				LogAssemblyErrors (0ms)
				InitializePlatformSupportModulesInManaged (3ms)
				SetLoadedEditorAssemblies (0ms)
				RefreshPlugins (1ms)
				BeforeProcessingInitializeOnLoad (63ms)
				ProcessInitializeOnLoadAttributes (129ms)
				ProcessInitializeOnLoadMethodAttributes (10ms)
				AfterProcessingInitializeOnLoad (4ms)
				EditorAssembliesLoaded (0ms)
			ExecutionOrderSort2 (0ms)
			AwakeInstancesAfterBackupRestoration (1ms)
Platform modules already initialized, skipping
Refreshing native plugins compatible for Editor in 0.49 ms, found 2 plugins.
Preloading 0 native plugins for Editor in 0.00 ms.
Unloading 2401 Unused Serialized files (Serialized files now loaded: 0)
System memory in use before: 117.7 MB.
System memory in use after: 117.9 MB.

Unloading 16 unused Assets to reduce memory usage. Loaded Objects now: 2897.
Total: 2.239300 ms (FindLiveObjects: 0.167800 ms CreateObjectMapping: 0.062400 ms MarkObjects: 1.991000 ms  DeleteObjects: 0.017300 ms)

AssetImportParameters requested are different than current active one (requested -> active):
  custom:framework-win-MediaFoundation: 216162199b28c13a410421893ffa2e32 -> 
  custom:video-decoder-ogg-theora: a1e56fd34408186e4bbccfd4996cb3dc -> 
  custom:container-muxer-webm: aa71ff27fc2769a1b78a27578f13a17b -> 
  custom:container-demuxer-webm: 4f35f7cbe854078d1ac9338744f61a02 -> 
  custom:container-demuxer-ogg: 62fdf1f143b41e24485cea50d1cbac27 -> 
  custom:video-encoder-webm-vp8: eb34c28f22e8b96e1ab97ce403110664 -> 
  custom:video-decoder-webm-vp8: 9c59270c3fd7afecdb556c50c9e8de78 -> 
  custom:audio-decoder-ogg-vorbis: bf7c407c2cedff20999df2af8eb42d56 -> 
  custom:audio-encoder-webm-vorbis: bf7c407c2cedff20999df2af8eb42d56 -> 
========================================================================
Received Prepare
Registering precompiled user dll's ...
Registered in 0.003151 seconds.
Begin MonoManager ReloadAssembly
Native extension for WindowsStandalone target not found
Refreshing native plugins compatible for Editor in 0.45 ms, found 2 plugins.
Preloading 0 native plugins for Editor in 0.00 ms.
Mono: successfully reloaded assembly
- Completed reload, in  0.665 seconds
Domain Reload Profiling:
	ReloadAssembly (665ms)
		BeginReloadAssembly (83ms)
			ExecutionOrderSort (0ms)
			DisableScriptedObjects (3ms)
			BackupInstance (0ms)
			ReleaseScriptingObjects (0ms)
			CreateAndSetChildDomain (25ms)
		EndReloadAssembly (542ms)
			LoadAssemblies (65ms)
			RebuildTransferFunctionScriptingTraits (0ms)
			SetupTypeCache (196ms)
			ReleaseScriptCaches (1ms)
			RebuildScriptCaches (30ms)
			SetupLoadedEditorAssemblies (202ms)
				LogAssemblyErrors (0ms)
				InitializePlatformSupportModulesInManaged (3ms)
				SetLoadedEditorAssemblies (0ms)
				RefreshPlugins (0ms)
				BeforeProcessingInitializeOnLoad (60ms)
				ProcessInitializeOnLoadAttributes (125ms)
				ProcessInitializeOnLoadMethodAttributes (10ms)
				AfterProcessingInitializeOnLoad (4ms)
				EditorAssembliesLoaded (0ms)
			ExecutionOrderSort2 (0ms)
			AwakeInstancesAfterBackupRestoration (1ms)
Platform modules already initialized, skipping
Refreshing native plugins compatible for Editor in 0.49 ms, found 2 plugins.
Preloading 0 native plugins for Editor in 0.00 ms.
Unloading 2401 Unused Serialized files (Serialized files now loaded: 0)
System memory in use before: 117.7 MB.
System memory in use after: 117.9 MB.

Unloading 16 unused Assets to reduce memory usage. Loaded Objects now: 2900.
Total: 2.549200 ms (FindLiveObjects: 0.176900 ms CreateObjectMapping: 0.052000 ms MarkObjects: 2.297900 ms  DeleteObjects: 0.021400 ms)

AssetImportParameters requested are different than current active one (requested -> active):
  custom:framework-win-MediaFoundation: 216162199b28c13a410421893ffa2e32 -> 
  custom:video-decoder-ogg-theora: a1e56fd34408186e4bbccfd4996cb3dc -> 
  custom:container-muxer-webm: aa71ff27fc2769a1b78a27578f13a17b -> 
  custom:container-demuxer-webm: 4f35f7cbe854078d1ac9338744f61a02 -> 
  custom:container-demuxer-ogg: 62fdf1f143b41e24485cea50d1cbac27 -> 
  custom:video-encoder-webm-vp8: eb34c28f22e8b96e1ab97ce403110664 -> 
  custom:video-decoder-webm-vp8: 9c59270c3fd7afecdb556c50c9e8de78 -> 
  custom:audio-decoder-ogg-vorbis: bf7c407c2cedff20999df2af8eb42d56 -> 
  custom:audio-encoder-webm-vorbis: bf7c407c2cedff20999df2af8eb42d56 -> 
========================================================================
Received Prepare
Registering precompiled user dll's ...
Registered in 0.003227 seconds.
Begin MonoManager ReloadAssembly
Native extension for WindowsStandalone target not found
Refreshing native plugins compatible for Editor in 0.49 ms, found 2 plugins.
Preloading 0 native plugins for Editor in 0.00 ms.
Mono: successfully reloaded assembly
- Completed reload, in  0.701 seconds
Domain Reload Profiling:
	ReloadAssembly (701ms)
		BeginReloadAssembly (79ms)
			ExecutionOrderSort (0ms)
			DisableScriptedObjects (3ms)
			BackupInstance (0ms)
			ReleaseScriptingObjects (0ms)
			CreateAndSetChildDomain (25ms)
		EndReloadAssembly (578ms)
			LoadAssemblies (62ms)
			RebuildTransferFunctionScriptingTraits (0ms)
			SetupTypeCache (213ms)
			ReleaseScriptCaches (1ms)
			RebuildScriptCaches (35ms)
			SetupLoadedEditorAssemblies (210ms)
				LogAssemblyErrors (0ms)
				InitializePlatformSupportModulesInManaged (3ms)
				SetLoadedEditorAssemblies (0ms)
				RefreshPlugins (1ms)
				BeforeProcessingInitializeOnLoad (64ms)
				ProcessInitializeOnLoadAttributes (127ms)
				ProcessInitializeOnLoadMethodAttributes (10ms)
				AfterProcessingInitializeOnLoad (4ms)
				EditorAssembliesLoaded (0ms)
			ExecutionOrderSort2 (0ms)
			AwakeInstancesAfterBackupRestoration (1ms)
Platform modules already initialized, skipping
Refreshing native plugins compatible for Editor in 0.44 ms, found 2 plugins.
Preloading 0 native plugins for Editor in 0.00 ms.
Unloading 2400 Unused Serialized files (Serialized files now loaded: 0)
System memory in use before: 117.7 MB.
System memory in use after: 117.9 MB.

Unloading 17 unused Assets to reduce memory usage. Loaded Objects now: 2902.
Total: 2.078900 ms (FindLiveObjects: 0.144300 ms CreateObjectMapping: 0.059300 ms MarkObjects: 1.856500 ms  DeleteObjects: 0.017900 ms)

AssetImportParameters requested are different than current active one (requested -> active):
  custom:framework-win-MediaFoundation: 216162199b28c13a410421893ffa2e32 -> 
  custom:video-decoder-ogg-theora: a1e56fd34408186e4bbccfd4996cb3dc -> 
  custom:container-muxer-webm: aa71ff27fc2769a1b78a27578f13a17b -> 
  custom:container-demuxer-webm: 4f35f7cbe854078d1ac9338744f61a02 -> 
  custom:container-demuxer-ogg: 62fdf1f143b41e24485cea50d1cbac27 -> 
  custom:video-encoder-webm-vp8: eb34c28f22e8b96e1ab97ce403110664 -> 
  custom:video-decoder-webm-vp8: 9c59270c3fd7afecdb556c50c9e8de78 -> 
  custom:audio-decoder-ogg-vorbis: bf7c407c2cedff20999df2af8eb42d56 -> 
  custom:audio-encoder-webm-vorbis: bf7c407c2cedff20999df2af8eb42d56 -> 
========================================================================
Received Prepare
Registering precompiled user dll's ...
Registered in 0.003077 seconds.
Begin MonoManager ReloadAssembly
Native extension for WindowsStandalone target not found
Refreshing native plugins compatible for Editor in 0.46 ms, found 2 plugins.
Preloading 0 native plugins for Editor in 0.00 ms.
Mono: successfully reloaded assembly
- Completed reload, in  0.648 seconds
Domain Reload Profiling:
	ReloadAssembly (649ms)
		BeginReloadAssembly (77ms)
			ExecutionOrderSort (0ms)
			DisableScriptedObjects (3ms)
			BackupInstance (0ms)
			ReleaseScriptingObjects (0ms)
			CreateAndSetChildDomain (23ms)
		EndReloadAssembly (533ms)
			LoadAssemblies (61ms)
			RebuildTransferFunctionScriptingTraits (0ms)
			SetupTypeCache (192ms)
			ReleaseScriptCaches (1ms)
			RebuildScriptCaches (29ms)
			SetupLoadedEditorAssemblies (201ms)
				LogAssemblyErrors (0ms)
				InitializePlatformSupportModulesInManaged (3ms)
				SetLoadedEditorAssemblies (0ms)
				RefreshPlugins (0ms)
				BeforeProcessingInitializeOnLoad (59ms)
				ProcessInitializeOnLoadAttributes (124ms)
				ProcessInitializeOnLoadMethodAttributes (10ms)
				AfterProcessingInitializeOnLoad (3ms)
				EditorAssembliesLoaded (0ms)
			ExecutionOrderSort2 (0ms)
			AwakeInstancesAfterBackupRestoration (1ms)
Platform modules already initialized, skipping
Refreshing native plugins compatible for Editor in 0.46 ms, found 2 plugins.
Preloading 0 native plugins for Editor in 0.00 ms.
Unloading 2400 Unused Serialized files (Serialized files now loaded: 0)
System memory in use before: 117.7 MB.
System memory in use after: 117.9 MB.

Unloading 16 unused Assets to reduce memory usage. Loaded Objects now: 2905.
Total: 2.370200 ms (FindLiveObjects: 0.128400 ms CreateObjectMapping: 0.049500 ms MarkObjects: 2.175300 ms  DeleteObjects: 0.016300 ms)

AssetImportParameters requested are different than current active one (requested -> active):
  custom:framework-win-MediaFoundation: 216162199b28c13a410421893ffa2e32 -> 
  custom:video-decoder-ogg-theora: a1e56fd34408186e4bbccfd4996cb3dc -> 
  custom:container-muxer-webm: aa71ff27fc2769a1b78a27578f13a17b -> 
  custom:container-demuxer-webm: 4f35f7cbe854078d1ac9338744f61a02 -> 
  custom:container-demuxer-ogg: 62fdf1f143b41e24485cea50d1cbac27 -> 
  custom:video-encoder-webm-vp8: eb34c28f22e8b96e1ab97ce403110664 -> 
  custom:video-decoder-webm-vp8: 9c59270c3fd7afecdb556c50c9e8de78 -> 
  custom:audio-decoder-ogg-vorbis: bf7c407c2cedff20999df2af8eb42d56 -> 
  custom:audio-encoder-webm-vorbis: bf7c407c2cedff20999df2af8eb42d56 -> 
AssetImportWorkerClient::OnTransportError - code=2 error=End of file
